<?xml version="1.0" encoding="UTF-8"?>
<testng-results ignored="0" total="1" passed="1" failed="0" skipped="0">
  <reporter-output>
  </reporter-output>
  <suite started-at="2026-04-10T16:09:27 IST" name="Default suite" finished-at="2026-04-10T16:09:35 IST" duration-ms="8475">
    <groups>
    </groups>
    <test started-at="2026-04-10T16:09:27 IST" name="Default test" finished-at="2026-04-10T16:09:35 IST" duration-ms="8475">
      <class name="tutorialninja.register.TC_RF_009">
        <test-method signature="verifyRegisterAccountPageUsingInvalidEmail()[pri:0, instance:tutorialninja.register.TC_RF_009@7b98f307]" started-at="2026-04-10T16:09:27 IST" name="verifyRegisterAccountPageUsingInvalidEmail" finished-at="2026-04-10T16:09:35 IST" duration-ms="8424" status="PASS">
          <reporter-output>
          </reporter-output>
        </test-method> <!-- verifyRegisterAccountPageUsingInvalidEmail -->
      </class> <!-- tutorialninja.register.TC_RF_009 -->
    </test> <!-- Default test -->
  </suite> <!-- Default suite -->
</testng-results>
